ARM GAS  /tmp/ccMOlo1P.s 			page 1


   1              		.cpu cortex-m4
   2              		.eabi_attribute 27, 1
   3              		.eabi_attribute 28, 1
   4              		.eabi_attribute 20, 1
   5              		.eabi_attribute 21, 1
   6              		.eabi_attribute 23, 3
   7              		.eabi_attribute 24, 1
   8              		.eabi_attribute 25, 1
   9              		.eabi_attribute 26, 1
  10              		.eabi_attribute 30, 1
  11              		.eabi_attribute 34, 1
  12              		.eabi_attribute 18, 4
  13              		.file	"stm32wbxx_hal_pcd_ex.c"
  14              		.text
  15              	.Ltext0:
  16              		.cfi_sections	.debug_frame
  17              		.section	.text.HAL_PCDEx_PMAConfig,"ax",%progbits
  18              		.align	1
  19              		.global	HAL_PCDEx_PMAConfig
  20              		.arch armv7e-m
  21              		.syntax unified
  22              		.thumb
  23              		.thumb_func
  24              		.fpu fpv4-sp-d16
  26              	HAL_PCDEx_PMAConfig:
  27              	.LVL0:
  28              	.LFB950:
  29              		.file 1 "Drivers/STM32WBxx_HAL_Driver/Src/stm32wbxx_hal_pcd_ex.c"
   1:Drivers/STM32WBxx_HAL_Driver/Src/stm32wbxx_hal_pcd_ex.c **** /**
   2:Drivers/STM32WBxx_HAL_Driver/Src/stm32wbxx_hal_pcd_ex.c ****   ******************************************************************************
   3:Drivers/STM32WBxx_HAL_Driver/Src/stm32wbxx_hal_pcd_ex.c ****   * @file    stm32wbxx_hal_pcd_ex.c
   4:Drivers/STM32WBxx_HAL_Driver/Src/stm32wbxx_hal_pcd_ex.c ****   * @author  MCD Application Team
   5:Drivers/STM32WBxx_HAL_Driver/Src/stm32wbxx_hal_pcd_ex.c ****   * @brief   PCD Extended HAL module driver.
   6:Drivers/STM32WBxx_HAL_Driver/Src/stm32wbxx_hal_pcd_ex.c ****   *          This file provides firmware functions to manage the following
   7:Drivers/STM32WBxx_HAL_Driver/Src/stm32wbxx_hal_pcd_ex.c ****   *          functionalities of the USB Peripheral Controller:
   8:Drivers/STM32WBxx_HAL_Driver/Src/stm32wbxx_hal_pcd_ex.c ****   *           + Extended features functions
   9:Drivers/STM32WBxx_HAL_Driver/Src/stm32wbxx_hal_pcd_ex.c ****   *
  10:Drivers/STM32WBxx_HAL_Driver/Src/stm32wbxx_hal_pcd_ex.c ****   ******************************************************************************
  11:Drivers/STM32WBxx_HAL_Driver/Src/stm32wbxx_hal_pcd_ex.c ****   * @attention
  12:Drivers/STM32WBxx_HAL_Driver/Src/stm32wbxx_hal_pcd_ex.c ****   *
  13:Drivers/STM32WBxx_HAL_Driver/Src/stm32wbxx_hal_pcd_ex.c ****   * Copyright (c) 2019 STMicroelectronics.
  14:Drivers/STM32WBxx_HAL_Driver/Src/stm32wbxx_hal_pcd_ex.c ****   * All rights reserved.
  15:Drivers/STM32WBxx_HAL_Driver/Src/stm32wbxx_hal_pcd_ex.c ****   *
  16:Drivers/STM32WBxx_HAL_Driver/Src/stm32wbxx_hal_pcd_ex.c ****   * This software is licensed under terms that can be found in the LICENSE file
  17:Drivers/STM32WBxx_HAL_Driver/Src/stm32wbxx_hal_pcd_ex.c ****   * in the root directory of this software component.
  18:Drivers/STM32WBxx_HAL_Driver/Src/stm32wbxx_hal_pcd_ex.c ****   * If no LICENSE file comes with this software, it is provided AS-IS.
  19:Drivers/STM32WBxx_HAL_Driver/Src/stm32wbxx_hal_pcd_ex.c ****   *
  20:Drivers/STM32WBxx_HAL_Driver/Src/stm32wbxx_hal_pcd_ex.c ****   ******************************************************************************
  21:Drivers/STM32WBxx_HAL_Driver/Src/stm32wbxx_hal_pcd_ex.c ****   */
  22:Drivers/STM32WBxx_HAL_Driver/Src/stm32wbxx_hal_pcd_ex.c **** 
  23:Drivers/STM32WBxx_HAL_Driver/Src/stm32wbxx_hal_pcd_ex.c **** /* Includes ------------------------------------------------------------------*/
  24:Drivers/STM32WBxx_HAL_Driver/Src/stm32wbxx_hal_pcd_ex.c **** #include "stm32wbxx_hal.h"
  25:Drivers/STM32WBxx_HAL_Driver/Src/stm32wbxx_hal_pcd_ex.c **** 
  26:Drivers/STM32WBxx_HAL_Driver/Src/stm32wbxx_hal_pcd_ex.c **** /** @addtogroup STM32WBxx_HAL_Driver
  27:Drivers/STM32WBxx_HAL_Driver/Src/stm32wbxx_hal_pcd_ex.c ****   * @{
  28:Drivers/STM32WBxx_HAL_Driver/Src/stm32wbxx_hal_pcd_ex.c ****   */
  29:Drivers/STM32WBxx_HAL_Driver/Src/stm32wbxx_hal_pcd_ex.c **** 
ARM GAS  /tmp/ccMOlo1P.s 			page 2


  30:Drivers/STM32WBxx_HAL_Driver/Src/stm32wbxx_hal_pcd_ex.c **** /** @defgroup PCDEx PCDEx
  31:Drivers/STM32WBxx_HAL_Driver/Src/stm32wbxx_hal_pcd_ex.c ****   * @brief PCD Extended HAL module driver
  32:Drivers/STM32WBxx_HAL_Driver/Src/stm32wbxx_hal_pcd_ex.c ****   * @{
  33:Drivers/STM32WBxx_HAL_Driver/Src/stm32wbxx_hal_pcd_ex.c ****   */
  34:Drivers/STM32WBxx_HAL_Driver/Src/stm32wbxx_hal_pcd_ex.c **** 
  35:Drivers/STM32WBxx_HAL_Driver/Src/stm32wbxx_hal_pcd_ex.c **** #ifdef HAL_PCD_MODULE_ENABLED
  36:Drivers/STM32WBxx_HAL_Driver/Src/stm32wbxx_hal_pcd_ex.c **** 
  37:Drivers/STM32WBxx_HAL_Driver/Src/stm32wbxx_hal_pcd_ex.c **** #if defined (USB)
  38:Drivers/STM32WBxx_HAL_Driver/Src/stm32wbxx_hal_pcd_ex.c **** /* Private types -------------------------------------------------------------*/
  39:Drivers/STM32WBxx_HAL_Driver/Src/stm32wbxx_hal_pcd_ex.c **** /* Private variables ---------------------------------------------------------*/
  40:Drivers/STM32WBxx_HAL_Driver/Src/stm32wbxx_hal_pcd_ex.c **** /* Private constants ---------------------------------------------------------*/
  41:Drivers/STM32WBxx_HAL_Driver/Src/stm32wbxx_hal_pcd_ex.c **** /* Private macros ------------------------------------------------------------*/
  42:Drivers/STM32WBxx_HAL_Driver/Src/stm32wbxx_hal_pcd_ex.c **** /* Private functions ---------------------------------------------------------*/
  43:Drivers/STM32WBxx_HAL_Driver/Src/stm32wbxx_hal_pcd_ex.c **** /* Exported functions --------------------------------------------------------*/
  44:Drivers/STM32WBxx_HAL_Driver/Src/stm32wbxx_hal_pcd_ex.c **** 
  45:Drivers/STM32WBxx_HAL_Driver/Src/stm32wbxx_hal_pcd_ex.c **** /** @defgroup PCDEx_Exported_Functions PCDEx Exported Functions
  46:Drivers/STM32WBxx_HAL_Driver/Src/stm32wbxx_hal_pcd_ex.c ****   * @{
  47:Drivers/STM32WBxx_HAL_Driver/Src/stm32wbxx_hal_pcd_ex.c ****   */
  48:Drivers/STM32WBxx_HAL_Driver/Src/stm32wbxx_hal_pcd_ex.c **** 
  49:Drivers/STM32WBxx_HAL_Driver/Src/stm32wbxx_hal_pcd_ex.c **** /** @defgroup PCDEx_Exported_Functions_Group1 Peripheral Control functions
  50:Drivers/STM32WBxx_HAL_Driver/Src/stm32wbxx_hal_pcd_ex.c ****   * @brief    PCDEx control functions
  51:Drivers/STM32WBxx_HAL_Driver/Src/stm32wbxx_hal_pcd_ex.c ****   *
  52:Drivers/STM32WBxx_HAL_Driver/Src/stm32wbxx_hal_pcd_ex.c **** @verbatim
  53:Drivers/STM32WBxx_HAL_Driver/Src/stm32wbxx_hal_pcd_ex.c ****  ===============================================================================
  54:Drivers/STM32WBxx_HAL_Driver/Src/stm32wbxx_hal_pcd_ex.c ****                  ##### Extended features functions #####
  55:Drivers/STM32WBxx_HAL_Driver/Src/stm32wbxx_hal_pcd_ex.c ****  ===============================================================================
  56:Drivers/STM32WBxx_HAL_Driver/Src/stm32wbxx_hal_pcd_ex.c ****     [..]  This section provides functions allowing to:
  57:Drivers/STM32WBxx_HAL_Driver/Src/stm32wbxx_hal_pcd_ex.c ****       (+) Update FIFO configuration
  58:Drivers/STM32WBxx_HAL_Driver/Src/stm32wbxx_hal_pcd_ex.c **** 
  59:Drivers/STM32WBxx_HAL_Driver/Src/stm32wbxx_hal_pcd_ex.c **** @endverbatim
  60:Drivers/STM32WBxx_HAL_Driver/Src/stm32wbxx_hal_pcd_ex.c ****   * @{
  61:Drivers/STM32WBxx_HAL_Driver/Src/stm32wbxx_hal_pcd_ex.c ****   */
  62:Drivers/STM32WBxx_HAL_Driver/Src/stm32wbxx_hal_pcd_ex.c **** 
  63:Drivers/STM32WBxx_HAL_Driver/Src/stm32wbxx_hal_pcd_ex.c **** /**
  64:Drivers/STM32WBxx_HAL_Driver/Src/stm32wbxx_hal_pcd_ex.c ****   * @brief  Configure PMA for EP
  65:Drivers/STM32WBxx_HAL_Driver/Src/stm32wbxx_hal_pcd_ex.c ****   * @param  hpcd  Device instance
  66:Drivers/STM32WBxx_HAL_Driver/Src/stm32wbxx_hal_pcd_ex.c ****   * @param  ep_addr endpoint address
  67:Drivers/STM32WBxx_HAL_Driver/Src/stm32wbxx_hal_pcd_ex.c ****   * @param  ep_kind endpoint Kind
  68:Drivers/STM32WBxx_HAL_Driver/Src/stm32wbxx_hal_pcd_ex.c ****   *                  USB_SNG_BUF: Single Buffer used
  69:Drivers/STM32WBxx_HAL_Driver/Src/stm32wbxx_hal_pcd_ex.c ****   *                  USB_DBL_BUF: Double Buffer used
  70:Drivers/STM32WBxx_HAL_Driver/Src/stm32wbxx_hal_pcd_ex.c ****   * @param  pmaadress: EP address in The PMA: In case of single buffer endpoint
  71:Drivers/STM32WBxx_HAL_Driver/Src/stm32wbxx_hal_pcd_ex.c ****   *                   this parameter is 16-bit value providing the address
  72:Drivers/STM32WBxx_HAL_Driver/Src/stm32wbxx_hal_pcd_ex.c ****   *                   in PMA allocated to endpoint.
  73:Drivers/STM32WBxx_HAL_Driver/Src/stm32wbxx_hal_pcd_ex.c ****   *                   In case of double buffer endpoint this parameter
  74:Drivers/STM32WBxx_HAL_Driver/Src/stm32wbxx_hal_pcd_ex.c ****   *                   is a 32-bit value providing the endpoint buffer 0 address
  75:Drivers/STM32WBxx_HAL_Driver/Src/stm32wbxx_hal_pcd_ex.c ****   *                   in the LSB part of 32-bit value and endpoint buffer 1 address
  76:Drivers/STM32WBxx_HAL_Driver/Src/stm32wbxx_hal_pcd_ex.c ****   *                   in the MSB part of 32-bit value.
  77:Drivers/STM32WBxx_HAL_Driver/Src/stm32wbxx_hal_pcd_ex.c ****   * @retval HAL status
  78:Drivers/STM32WBxx_HAL_Driver/Src/stm32wbxx_hal_pcd_ex.c ****   */
  79:Drivers/STM32WBxx_HAL_Driver/Src/stm32wbxx_hal_pcd_ex.c **** 
  80:Drivers/STM32WBxx_HAL_Driver/Src/stm32wbxx_hal_pcd_ex.c **** HAL_StatusTypeDef  HAL_PCDEx_PMAConfig(PCD_HandleTypeDef *hpcd, uint16_t ep_addr,
  81:Drivers/STM32WBxx_HAL_Driver/Src/stm32wbxx_hal_pcd_ex.c ****                                        uint16_t ep_kind, uint32_t pmaadress)
  82:Drivers/STM32WBxx_HAL_Driver/Src/stm32wbxx_hal_pcd_ex.c **** {
  30              		.loc 1 82 1 view -0
  31              		.cfi_startproc
  32              		@ args = 0, pretend = 0, frame = 0
  33              		@ frame_needed = 0, uses_anonymous_args = 0
ARM GAS  /tmp/ccMOlo1P.s 			page 3


  34              		@ link register save eliminated.
  83:Drivers/STM32WBxx_HAL_Driver/Src/stm32wbxx_hal_pcd_ex.c ****   PCD_EPTypeDef *ep;
  35              		.loc 1 83 3 view .LVU1
  84:Drivers/STM32WBxx_HAL_Driver/Src/stm32wbxx_hal_pcd_ex.c **** 
  85:Drivers/STM32WBxx_HAL_Driver/Src/stm32wbxx_hal_pcd_ex.c ****   /* initialize ep structure*/
  86:Drivers/STM32WBxx_HAL_Driver/Src/stm32wbxx_hal_pcd_ex.c ****   if ((0x80U & ep_addr) == 0x80U)
  36              		.loc 1 86 3 view .LVU2
  37              		.loc 1 86 6 is_stmt 0 view .LVU3
  38 0000 11F0800F 		tst	r1, #128
  39 0004 0BD0     		beq	.L2
  87:Drivers/STM32WBxx_HAL_Driver/Src/stm32wbxx_hal_pcd_ex.c ****   {
  88:Drivers/STM32WBxx_HAL_Driver/Src/stm32wbxx_hal_pcd_ex.c ****     ep = &hpcd->IN_ep[ep_addr & EP_ADDR_MSK];
  40              		.loc 1 88 5 is_stmt 1 view .LVU4
  41              		.loc 1 88 31 is_stmt 0 view .LVU5
  42 0006 01F00701 		and	r1, r1, #7
  43              	.LVL1:
  44              		.loc 1 88 8 view .LVU6
  45 000a 0131     		adds	r1, r1, #1
  46 000c 01EB8101 		add	r1, r1, r1, lsl #2
  47 0010 00EBC101 		add	r1, r0, r1, lsl #3
  48              	.LVL2:
  49              	.L3:
  89:Drivers/STM32WBxx_HAL_Driver/Src/stm32wbxx_hal_pcd_ex.c ****   }
  90:Drivers/STM32WBxx_HAL_Driver/Src/stm32wbxx_hal_pcd_ex.c ****   else
  91:Drivers/STM32WBxx_HAL_Driver/Src/stm32wbxx_hal_pcd_ex.c ****   {
  92:Drivers/STM32WBxx_HAL_Driver/Src/stm32wbxx_hal_pcd_ex.c ****     ep = &hpcd->OUT_ep[ep_addr];
  93:Drivers/STM32WBxx_HAL_Driver/Src/stm32wbxx_hal_pcd_ex.c ****   }
  94:Drivers/STM32WBxx_HAL_Driver/Src/stm32wbxx_hal_pcd_ex.c **** 
  95:Drivers/STM32WBxx_HAL_Driver/Src/stm32wbxx_hal_pcd_ex.c ****   /* Here we check if the endpoint is single or double Buffer*/
  96:Drivers/STM32WBxx_HAL_Driver/Src/stm32wbxx_hal_pcd_ex.c ****   if (ep_kind == PCD_SNG_BUF)
  50              		.loc 1 96 3 is_stmt 1 view .LVU7
  51              		.loc 1 96 6 is_stmt 0 view .LVU8
  52 0014 52B9     		cbnz	r2, .L4
  97:Drivers/STM32WBxx_HAL_Driver/Src/stm32wbxx_hal_pcd_ex.c ****   {
  98:Drivers/STM32WBxx_HAL_Driver/Src/stm32wbxx_hal_pcd_ex.c ****     /* Single Buffer */
  99:Drivers/STM32WBxx_HAL_Driver/Src/stm32wbxx_hal_pcd_ex.c ****     ep->doublebuffer = 0U;
  53              		.loc 1 99 5 is_stmt 1 view .LVU9
  54              		.loc 1 99 22 is_stmt 0 view .LVU10
  55 0016 0A73     		strb	r2, [r1, #12]
 100:Drivers/STM32WBxx_HAL_Driver/Src/stm32wbxx_hal_pcd_ex.c ****     /* Configure the PMA */
 101:Drivers/STM32WBxx_HAL_Driver/Src/stm32wbxx_hal_pcd_ex.c ****     ep->pmaadress = (uint16_t)pmaadress;
  56              		.loc 1 101 5 is_stmt 1 view .LVU11
  57              		.loc 1 101 19 is_stmt 0 view .LVU12
  58 0018 CB80     		strh	r3, [r1, #6]	@ movhi
  59              	.LVL3:
  60              	.L5:
 102:Drivers/STM32WBxx_HAL_Driver/Src/stm32wbxx_hal_pcd_ex.c ****   }
 103:Drivers/STM32WBxx_HAL_Driver/Src/stm32wbxx_hal_pcd_ex.c **** #if (USE_USB_DOUBLE_BUFFER == 1U)
 104:Drivers/STM32WBxx_HAL_Driver/Src/stm32wbxx_hal_pcd_ex.c ****   else /* USB_DBL_BUF */
 105:Drivers/STM32WBxx_HAL_Driver/Src/stm32wbxx_hal_pcd_ex.c ****   {
 106:Drivers/STM32WBxx_HAL_Driver/Src/stm32wbxx_hal_pcd_ex.c ****     /* Double Buffer Endpoint */
 107:Drivers/STM32WBxx_HAL_Driver/Src/stm32wbxx_hal_pcd_ex.c ****     ep->doublebuffer = 1U;
 108:Drivers/STM32WBxx_HAL_Driver/Src/stm32wbxx_hal_pcd_ex.c ****     /* Configure the PMA */
 109:Drivers/STM32WBxx_HAL_Driver/Src/stm32wbxx_hal_pcd_ex.c ****     ep->pmaaddr0 = (uint16_t)(pmaadress & 0xFFFFU);
 110:Drivers/STM32WBxx_HAL_Driver/Src/stm32wbxx_hal_pcd_ex.c ****     ep->pmaaddr1 = (uint16_t)((pmaadress & 0xFFFF0000U) >> 16);
 111:Drivers/STM32WBxx_HAL_Driver/Src/stm32wbxx_hal_pcd_ex.c ****   }
 112:Drivers/STM32WBxx_HAL_Driver/Src/stm32wbxx_hal_pcd_ex.c **** #endif /* (USE_USB_DOUBLE_BUFFER == 1U) */
ARM GAS  /tmp/ccMOlo1P.s 			page 4


 113:Drivers/STM32WBxx_HAL_Driver/Src/stm32wbxx_hal_pcd_ex.c **** 
 114:Drivers/STM32WBxx_HAL_Driver/Src/stm32wbxx_hal_pcd_ex.c ****   return HAL_OK;
  61              		.loc 1 114 3 is_stmt 1 view .LVU13
 115:Drivers/STM32WBxx_HAL_Driver/Src/stm32wbxx_hal_pcd_ex.c **** }
  62              		.loc 1 115 1 is_stmt 0 view .LVU14
  63 001a 0020     		movs	r0, #0
  64              	.LVL4:
  65              		.loc 1 115 1 view .LVU15
  66 001c 7047     		bx	lr
  67              	.LVL5:
  68              	.L2:
  92:Drivers/STM32WBxx_HAL_Driver/Src/stm32wbxx_hal_pcd_ex.c ****   }
  69              		.loc 1 92 5 is_stmt 1 view .LVU16
  92:Drivers/STM32WBxx_HAL_Driver/Src/stm32wbxx_hal_pcd_ex.c ****   }
  70              		.loc 1 92 8 is_stmt 0 view .LVU17
  71 001e 01EB8101 		add	r1, r1, r1, lsl #2
  72              	.LVL6:
  92:Drivers/STM32WBxx_HAL_Driver/Src/stm32wbxx_hal_pcd_ex.c ****   }
  73              		.loc 1 92 8 view .LVU18
  74 0022 C900     		lsls	r1, r1, #3
  75 0024 01F5B471 		add	r1, r1, #360
  76 0028 0144     		add	r1, r1, r0
  77              	.LVL7:
  92:Drivers/STM32WBxx_HAL_Driver/Src/stm32wbxx_hal_pcd_ex.c ****   }
  78              		.loc 1 92 8 view .LVU19
  79 002a F3E7     		b	.L3
  80              	.L4:
 107:Drivers/STM32WBxx_HAL_Driver/Src/stm32wbxx_hal_pcd_ex.c ****     /* Configure the PMA */
  81              		.loc 1 107 5 is_stmt 1 view .LVU20
 107:Drivers/STM32WBxx_HAL_Driver/Src/stm32wbxx_hal_pcd_ex.c ****     /* Configure the PMA */
  82              		.loc 1 107 22 is_stmt 0 view .LVU21
  83 002c 0122     		movs	r2, #1
  84              	.LVL8:
 107:Drivers/STM32WBxx_HAL_Driver/Src/stm32wbxx_hal_pcd_ex.c ****     /* Configure the PMA */
  85              		.loc 1 107 22 view .LVU22
  86 002e 0A73     		strb	r2, [r1, #12]
 109:Drivers/STM32WBxx_HAL_Driver/Src/stm32wbxx_hal_pcd_ex.c ****     ep->pmaaddr1 = (uint16_t)((pmaadress & 0xFFFF0000U) >> 16);
  87              		.loc 1 109 5 is_stmt 1 view .LVU23
 109:Drivers/STM32WBxx_HAL_Driver/Src/stm32wbxx_hal_pcd_ex.c ****     ep->pmaaddr1 = (uint16_t)((pmaadress & 0xFFFF0000U) >> 16);
  88              		.loc 1 109 18 is_stmt 0 view .LVU24
  89 0030 0B81     		strh	r3, [r1, #8]	@ movhi
 110:Drivers/STM32WBxx_HAL_Driver/Src/stm32wbxx_hal_pcd_ex.c ****   }
  90              		.loc 1 110 5 is_stmt 1 view .LVU25
 110:Drivers/STM32WBxx_HAL_Driver/Src/stm32wbxx_hal_pcd_ex.c ****   }
  91              		.loc 1 110 20 is_stmt 0 view .LVU26
  92 0032 1B0C     		lsrs	r3, r3, #16
  93              	.LVL9:
 110:Drivers/STM32WBxx_HAL_Driver/Src/stm32wbxx_hal_pcd_ex.c ****   }
  94              		.loc 1 110 18 view .LVU27
  95 0034 4B81     		strh	r3, [r1, #10]	@ movhi
  96 0036 F0E7     		b	.L5
  97              		.cfi_endproc
  98              	.LFE950:
 100              		.section	.text.HAL_PCDEx_ActivateBCD,"ax",%progbits
 101              		.align	1
 102              		.global	HAL_PCDEx_ActivateBCD
 103              		.syntax unified
ARM GAS  /tmp/ccMOlo1P.s 			page 5


 104              		.thumb
 105              		.thumb_func
 106              		.fpu fpv4-sp-d16
 108              	HAL_PCDEx_ActivateBCD:
 109              	.LVL10:
 110              	.LFB951:
 116:Drivers/STM32WBxx_HAL_Driver/Src/stm32wbxx_hal_pcd_ex.c **** 
 117:Drivers/STM32WBxx_HAL_Driver/Src/stm32wbxx_hal_pcd_ex.c **** /**
 118:Drivers/STM32WBxx_HAL_Driver/Src/stm32wbxx_hal_pcd_ex.c ****   * @brief  Activate BatteryCharging feature.
 119:Drivers/STM32WBxx_HAL_Driver/Src/stm32wbxx_hal_pcd_ex.c ****   * @param  hpcd PCD handle
 120:Drivers/STM32WBxx_HAL_Driver/Src/stm32wbxx_hal_pcd_ex.c ****   * @retval HAL status
 121:Drivers/STM32WBxx_HAL_Driver/Src/stm32wbxx_hal_pcd_ex.c ****   */
 122:Drivers/STM32WBxx_HAL_Driver/Src/stm32wbxx_hal_pcd_ex.c **** HAL_StatusTypeDef HAL_PCDEx_ActivateBCD(PCD_HandleTypeDef *hpcd)
 123:Drivers/STM32WBxx_HAL_Driver/Src/stm32wbxx_hal_pcd_ex.c **** {
 111              		.loc 1 123 1 is_stmt 1 view -0
 112              		.cfi_startproc
 113              		@ args = 0, pretend = 0, frame = 0
 114              		@ frame_needed = 0, uses_anonymous_args = 0
 115              		@ link register save eliminated.
 124:Drivers/STM32WBxx_HAL_Driver/Src/stm32wbxx_hal_pcd_ex.c ****   USB_TypeDef *USBx = hpcd->Instance;
 116              		.loc 1 124 3 view .LVU29
 117              		.loc 1 124 16 is_stmt 0 view .LVU30
 118 0000 0368     		ldr	r3, [r0]
 119              	.LVL11:
 125:Drivers/STM32WBxx_HAL_Driver/Src/stm32wbxx_hal_pcd_ex.c ****   hpcd->battery_charging_active = 1U;
 120              		.loc 1 125 3 is_stmt 1 view .LVU31
 121              		.loc 1 125 33 is_stmt 0 view .LVU32
 122 0002 0122     		movs	r2, #1
 123 0004 C0F8EC22 		str	r2, [r0, #748]
 126:Drivers/STM32WBxx_HAL_Driver/Src/stm32wbxx_hal_pcd_ex.c **** 
 127:Drivers/STM32WBxx_HAL_Driver/Src/stm32wbxx_hal_pcd_ex.c ****   /* Enable BCD feature */
 128:Drivers/STM32WBxx_HAL_Driver/Src/stm32wbxx_hal_pcd_ex.c ****   USBx->BCDR |= USB_BCDR_BCDEN;
 124              		.loc 1 128 3 is_stmt 1 view .LVU33
 125              		.loc 1 128 14 is_stmt 0 view .LVU34
 126 0008 B3F85820 		ldrh	r2, [r3, #88]
 127 000c 92B2     		uxth	r2, r2
 128 000e 42F00102 		orr	r2, r2, #1
 129 0012 A3F85820 		strh	r2, [r3, #88]	@ movhi
 129:Drivers/STM32WBxx_HAL_Driver/Src/stm32wbxx_hal_pcd_ex.c **** 
 130:Drivers/STM32WBxx_HAL_Driver/Src/stm32wbxx_hal_pcd_ex.c ****   /* Enable DCD : Data Contact Detect */
 131:Drivers/STM32WBxx_HAL_Driver/Src/stm32wbxx_hal_pcd_ex.c ****   USBx->BCDR &= ~(USB_BCDR_PDEN);
 130              		.loc 1 131 3 is_stmt 1 view .LVU35
 131              		.loc 1 131 14 is_stmt 0 view .LVU36
 132 0016 B3F85820 		ldrh	r2, [r3, #88]
 133 001a 92B2     		uxth	r2, r2
 134 001c 22F00402 		bic	r2, r2, #4
 135 0020 92B2     		uxth	r2, r2
 136 0022 A3F85820 		strh	r2, [r3, #88]	@ movhi
 132:Drivers/STM32WBxx_HAL_Driver/Src/stm32wbxx_hal_pcd_ex.c ****   USBx->BCDR &= ~(USB_BCDR_SDEN);
 137              		.loc 1 132 3 is_stmt 1 view .LVU37
 138              		.loc 1 132 14 is_stmt 0 view .LVU38
 139 0026 B3F85820 		ldrh	r2, [r3, #88]
 140 002a 92B2     		uxth	r2, r2
 141 002c 22F00802 		bic	r2, r2, #8
 142 0030 92B2     		uxth	r2, r2
 143 0032 A3F85820 		strh	r2, [r3, #88]	@ movhi
 133:Drivers/STM32WBxx_HAL_Driver/Src/stm32wbxx_hal_pcd_ex.c ****   USBx->BCDR |= USB_BCDR_DCDEN;
ARM GAS  /tmp/ccMOlo1P.s 			page 6


 144              		.loc 1 133 3 is_stmt 1 view .LVU39
 145              		.loc 1 133 14 is_stmt 0 view .LVU40
 146 0036 B3F85820 		ldrh	r2, [r3, #88]
 147 003a 92B2     		uxth	r2, r2
 148 003c 42F00202 		orr	r2, r2, #2
 149 0040 A3F85820 		strh	r2, [r3, #88]	@ movhi
 134:Drivers/STM32WBxx_HAL_Driver/Src/stm32wbxx_hal_pcd_ex.c **** 
 135:Drivers/STM32WBxx_HAL_Driver/Src/stm32wbxx_hal_pcd_ex.c ****   return HAL_OK;
 150              		.loc 1 135 3 is_stmt 1 view .LVU41
 136:Drivers/STM32WBxx_HAL_Driver/Src/stm32wbxx_hal_pcd_ex.c **** }
 151              		.loc 1 136 1 is_stmt 0 view .LVU42
 152 0044 0020     		movs	r0, #0
 153              	.LVL12:
 154              		.loc 1 136 1 view .LVU43
 155 0046 7047     		bx	lr
 156              		.cfi_endproc
 157              	.LFE951:
 159              		.section	.text.HAL_PCDEx_DeActivateBCD,"ax",%progbits
 160              		.align	1
 161              		.global	HAL_PCDEx_DeActivateBCD
 162              		.syntax unified
 163              		.thumb
 164              		.thumb_func
 165              		.fpu fpv4-sp-d16
 167              	HAL_PCDEx_DeActivateBCD:
 168              	.LVL13:
 169              	.LFB952:
 137:Drivers/STM32WBxx_HAL_Driver/Src/stm32wbxx_hal_pcd_ex.c **** 
 138:Drivers/STM32WBxx_HAL_Driver/Src/stm32wbxx_hal_pcd_ex.c **** /**
 139:Drivers/STM32WBxx_HAL_Driver/Src/stm32wbxx_hal_pcd_ex.c ****   * @brief  Deactivate BatteryCharging feature.
 140:Drivers/STM32WBxx_HAL_Driver/Src/stm32wbxx_hal_pcd_ex.c ****   * @param  hpcd PCD handle
 141:Drivers/STM32WBxx_HAL_Driver/Src/stm32wbxx_hal_pcd_ex.c ****   * @retval HAL status
 142:Drivers/STM32WBxx_HAL_Driver/Src/stm32wbxx_hal_pcd_ex.c ****   */
 143:Drivers/STM32WBxx_HAL_Driver/Src/stm32wbxx_hal_pcd_ex.c **** HAL_StatusTypeDef HAL_PCDEx_DeActivateBCD(PCD_HandleTypeDef *hpcd)
 144:Drivers/STM32WBxx_HAL_Driver/Src/stm32wbxx_hal_pcd_ex.c **** {
 170              		.loc 1 144 1 is_stmt 1 view -0
 171              		.cfi_startproc
 172              		@ args = 0, pretend = 0, frame = 0
 173              		@ frame_needed = 0, uses_anonymous_args = 0
 174              		@ link register save eliminated.
 175              		.loc 1 144 1 is_stmt 0 view .LVU45
 176 0000 0346     		mov	r3, r0
 145:Drivers/STM32WBxx_HAL_Driver/Src/stm32wbxx_hal_pcd_ex.c ****   USB_TypeDef *USBx = hpcd->Instance;
 177              		.loc 1 145 3 is_stmt 1 view .LVU46
 178              		.loc 1 145 16 is_stmt 0 view .LVU47
 179 0002 0268     		ldr	r2, [r0]
 180              	.LVL14:
 146:Drivers/STM32WBxx_HAL_Driver/Src/stm32wbxx_hal_pcd_ex.c ****   hpcd->battery_charging_active = 0U;
 181              		.loc 1 146 3 is_stmt 1 view .LVU48
 182              		.loc 1 146 33 is_stmt 0 view .LVU49
 183 0004 0020     		movs	r0, #0
 184              	.LVL15:
 185              		.loc 1 146 33 view .LVU50
 186 0006 C3F8EC02 		str	r0, [r3, #748]
 147:Drivers/STM32WBxx_HAL_Driver/Src/stm32wbxx_hal_pcd_ex.c **** 
 148:Drivers/STM32WBxx_HAL_Driver/Src/stm32wbxx_hal_pcd_ex.c ****   /* Disable BCD feature */
 149:Drivers/STM32WBxx_HAL_Driver/Src/stm32wbxx_hal_pcd_ex.c ****   USBx->BCDR &= ~(USB_BCDR_BCDEN);
ARM GAS  /tmp/ccMOlo1P.s 			page 7


 187              		.loc 1 149 3 is_stmt 1 view .LVU51
 188              		.loc 1 149 14 is_stmt 0 view .LVU52
 189 000a B2F85830 		ldrh	r3, [r2, #88]
 190              	.LVL16:
 191              		.loc 1 149 14 view .LVU53
 192 000e 9BB2     		uxth	r3, r3
 193 0010 23F00103 		bic	r3, r3, #1
 194 0014 9BB2     		uxth	r3, r3
 195 0016 A2F85830 		strh	r3, [r2, #88]	@ movhi
 150:Drivers/STM32WBxx_HAL_Driver/Src/stm32wbxx_hal_pcd_ex.c **** 
 151:Drivers/STM32WBxx_HAL_Driver/Src/stm32wbxx_hal_pcd_ex.c ****   return HAL_OK;
 196              		.loc 1 151 3 is_stmt 1 view .LVU54
 152:Drivers/STM32WBxx_HAL_Driver/Src/stm32wbxx_hal_pcd_ex.c **** }
 197              		.loc 1 152 1 is_stmt 0 view .LVU55
 198 001a 7047     		bx	lr
 199              		.cfi_endproc
 200              	.LFE952:
 202              		.section	.text.HAL_PCDEx_ActivateLPM,"ax",%progbits
 203              		.align	1
 204              		.global	HAL_PCDEx_ActivateLPM
 205              		.syntax unified
 206              		.thumb
 207              		.thumb_func
 208              		.fpu fpv4-sp-d16
 210              	HAL_PCDEx_ActivateLPM:
 211              	.LVL17:
 212              	.LFB954:
 153:Drivers/STM32WBxx_HAL_Driver/Src/stm32wbxx_hal_pcd_ex.c **** 
 154:Drivers/STM32WBxx_HAL_Driver/Src/stm32wbxx_hal_pcd_ex.c **** /**
 155:Drivers/STM32WBxx_HAL_Driver/Src/stm32wbxx_hal_pcd_ex.c ****   * @brief  Handle BatteryCharging Process.
 156:Drivers/STM32WBxx_HAL_Driver/Src/stm32wbxx_hal_pcd_ex.c ****   * @param  hpcd PCD handle
 157:Drivers/STM32WBxx_HAL_Driver/Src/stm32wbxx_hal_pcd_ex.c ****   * @retval HAL status
 158:Drivers/STM32WBxx_HAL_Driver/Src/stm32wbxx_hal_pcd_ex.c ****   */
 159:Drivers/STM32WBxx_HAL_Driver/Src/stm32wbxx_hal_pcd_ex.c **** void HAL_PCDEx_BCD_VBUSDetect(PCD_HandleTypeDef *hpcd)
 160:Drivers/STM32WBxx_HAL_Driver/Src/stm32wbxx_hal_pcd_ex.c **** {
 161:Drivers/STM32WBxx_HAL_Driver/Src/stm32wbxx_hal_pcd_ex.c ****   USB_TypeDef *USBx = hpcd->Instance;
 162:Drivers/STM32WBxx_HAL_Driver/Src/stm32wbxx_hal_pcd_ex.c ****   uint32_t tickstart = HAL_GetTick();
 163:Drivers/STM32WBxx_HAL_Driver/Src/stm32wbxx_hal_pcd_ex.c **** 
 164:Drivers/STM32WBxx_HAL_Driver/Src/stm32wbxx_hal_pcd_ex.c ****   /* Wait Detect flag or a timeout is happen */
 165:Drivers/STM32WBxx_HAL_Driver/Src/stm32wbxx_hal_pcd_ex.c ****   while ((USBx->BCDR & USB_BCDR_DCDET) == 0U)
 166:Drivers/STM32WBxx_HAL_Driver/Src/stm32wbxx_hal_pcd_ex.c ****   {
 167:Drivers/STM32WBxx_HAL_Driver/Src/stm32wbxx_hal_pcd_ex.c ****     /* Check for the Timeout */
 168:Drivers/STM32WBxx_HAL_Driver/Src/stm32wbxx_hal_pcd_ex.c ****     if ((HAL_GetTick() - tickstart) > 1000U)
 169:Drivers/STM32WBxx_HAL_Driver/Src/stm32wbxx_hal_pcd_ex.c ****     {
 170:Drivers/STM32WBxx_HAL_Driver/Src/stm32wbxx_hal_pcd_ex.c **** #if (USE_HAL_PCD_REGISTER_CALLBACKS == 1U)
 171:Drivers/STM32WBxx_HAL_Driver/Src/stm32wbxx_hal_pcd_ex.c ****       hpcd->BCDCallback(hpcd, PCD_BCD_ERROR);
 172:Drivers/STM32WBxx_HAL_Driver/Src/stm32wbxx_hal_pcd_ex.c **** #else
 173:Drivers/STM32WBxx_HAL_Driver/Src/stm32wbxx_hal_pcd_ex.c ****       HAL_PCDEx_BCD_Callback(hpcd, PCD_BCD_ERROR);
 174:Drivers/STM32WBxx_HAL_Driver/Src/stm32wbxx_hal_pcd_ex.c **** #endif /* USE_HAL_PCD_REGISTER_CALLBACKS */
 175:Drivers/STM32WBxx_HAL_Driver/Src/stm32wbxx_hal_pcd_ex.c **** 
 176:Drivers/STM32WBxx_HAL_Driver/Src/stm32wbxx_hal_pcd_ex.c ****       return;
 177:Drivers/STM32WBxx_HAL_Driver/Src/stm32wbxx_hal_pcd_ex.c ****     }
 178:Drivers/STM32WBxx_HAL_Driver/Src/stm32wbxx_hal_pcd_ex.c ****   }
 179:Drivers/STM32WBxx_HAL_Driver/Src/stm32wbxx_hal_pcd_ex.c **** 
 180:Drivers/STM32WBxx_HAL_Driver/Src/stm32wbxx_hal_pcd_ex.c ****   HAL_Delay(200U);
 181:Drivers/STM32WBxx_HAL_Driver/Src/stm32wbxx_hal_pcd_ex.c **** 
 182:Drivers/STM32WBxx_HAL_Driver/Src/stm32wbxx_hal_pcd_ex.c ****   /* Data Pin Contact ? Check Detect flag */
ARM GAS  /tmp/ccMOlo1P.s 			page 8


 183:Drivers/STM32WBxx_HAL_Driver/Src/stm32wbxx_hal_pcd_ex.c ****   if ((USBx->BCDR & USB_BCDR_DCDET) == USB_BCDR_DCDET)
 184:Drivers/STM32WBxx_HAL_Driver/Src/stm32wbxx_hal_pcd_ex.c ****   {
 185:Drivers/STM32WBxx_HAL_Driver/Src/stm32wbxx_hal_pcd_ex.c **** #if (USE_HAL_PCD_REGISTER_CALLBACKS == 1U)
 186:Drivers/STM32WBxx_HAL_Driver/Src/stm32wbxx_hal_pcd_ex.c ****     hpcd->BCDCallback(hpcd, PCD_BCD_CONTACT_DETECTION);
 187:Drivers/STM32WBxx_HAL_Driver/Src/stm32wbxx_hal_pcd_ex.c **** #else
 188:Drivers/STM32WBxx_HAL_Driver/Src/stm32wbxx_hal_pcd_ex.c ****     HAL_PCDEx_BCD_Callback(hpcd, PCD_BCD_CONTACT_DETECTION);
 189:Drivers/STM32WBxx_HAL_Driver/Src/stm32wbxx_hal_pcd_ex.c **** #endif /* USE_HAL_PCD_REGISTER_CALLBACKS */
 190:Drivers/STM32WBxx_HAL_Driver/Src/stm32wbxx_hal_pcd_ex.c ****   }
 191:Drivers/STM32WBxx_HAL_Driver/Src/stm32wbxx_hal_pcd_ex.c ****   /* Primary detection: checks if connected to Standard Downstream Port
 192:Drivers/STM32WBxx_HAL_Driver/Src/stm32wbxx_hal_pcd_ex.c ****   (without charging capability) */
 193:Drivers/STM32WBxx_HAL_Driver/Src/stm32wbxx_hal_pcd_ex.c ****   USBx->BCDR &= ~(USB_BCDR_DCDEN);
 194:Drivers/STM32WBxx_HAL_Driver/Src/stm32wbxx_hal_pcd_ex.c ****   HAL_Delay(50U);
 195:Drivers/STM32WBxx_HAL_Driver/Src/stm32wbxx_hal_pcd_ex.c ****   USBx->BCDR |= (USB_BCDR_PDEN);
 196:Drivers/STM32WBxx_HAL_Driver/Src/stm32wbxx_hal_pcd_ex.c ****   HAL_Delay(50U);
 197:Drivers/STM32WBxx_HAL_Driver/Src/stm32wbxx_hal_pcd_ex.c **** 
 198:Drivers/STM32WBxx_HAL_Driver/Src/stm32wbxx_hal_pcd_ex.c ****   /* If Charger detect ? */
 199:Drivers/STM32WBxx_HAL_Driver/Src/stm32wbxx_hal_pcd_ex.c ****   if ((USBx->BCDR & USB_BCDR_PDET) == USB_BCDR_PDET)
 200:Drivers/STM32WBxx_HAL_Driver/Src/stm32wbxx_hal_pcd_ex.c ****   {
 201:Drivers/STM32WBxx_HAL_Driver/Src/stm32wbxx_hal_pcd_ex.c ****     /* Start secondary detection to check connection to Charging Downstream
 202:Drivers/STM32WBxx_HAL_Driver/Src/stm32wbxx_hal_pcd_ex.c ****     Port or Dedicated Charging Port */
 203:Drivers/STM32WBxx_HAL_Driver/Src/stm32wbxx_hal_pcd_ex.c ****     USBx->BCDR &= ~(USB_BCDR_PDEN);
 204:Drivers/STM32WBxx_HAL_Driver/Src/stm32wbxx_hal_pcd_ex.c ****     HAL_Delay(50U);
 205:Drivers/STM32WBxx_HAL_Driver/Src/stm32wbxx_hal_pcd_ex.c ****     USBx->BCDR |= (USB_BCDR_SDEN);
 206:Drivers/STM32WBxx_HAL_Driver/Src/stm32wbxx_hal_pcd_ex.c ****     HAL_Delay(50U);
 207:Drivers/STM32WBxx_HAL_Driver/Src/stm32wbxx_hal_pcd_ex.c **** 
 208:Drivers/STM32WBxx_HAL_Driver/Src/stm32wbxx_hal_pcd_ex.c ****     /* If CDP ? */
 209:Drivers/STM32WBxx_HAL_Driver/Src/stm32wbxx_hal_pcd_ex.c ****     if ((USBx->BCDR & USB_BCDR_SDET) == USB_BCDR_SDET)
 210:Drivers/STM32WBxx_HAL_Driver/Src/stm32wbxx_hal_pcd_ex.c ****     {
 211:Drivers/STM32WBxx_HAL_Driver/Src/stm32wbxx_hal_pcd_ex.c ****       /* Dedicated Downstream Port DCP */
 212:Drivers/STM32WBxx_HAL_Driver/Src/stm32wbxx_hal_pcd_ex.c **** #if (USE_HAL_PCD_REGISTER_CALLBACKS == 1U)
 213:Drivers/STM32WBxx_HAL_Driver/Src/stm32wbxx_hal_pcd_ex.c ****       hpcd->BCDCallback(hpcd, PCD_BCD_DEDICATED_CHARGING_PORT);
 214:Drivers/STM32WBxx_HAL_Driver/Src/stm32wbxx_hal_pcd_ex.c **** #else
 215:Drivers/STM32WBxx_HAL_Driver/Src/stm32wbxx_hal_pcd_ex.c ****       HAL_PCDEx_BCD_Callback(hpcd, PCD_BCD_DEDICATED_CHARGING_PORT);
 216:Drivers/STM32WBxx_HAL_Driver/Src/stm32wbxx_hal_pcd_ex.c **** #endif /* USE_HAL_PCD_REGISTER_CALLBACKS */
 217:Drivers/STM32WBxx_HAL_Driver/Src/stm32wbxx_hal_pcd_ex.c ****     }
 218:Drivers/STM32WBxx_HAL_Driver/Src/stm32wbxx_hal_pcd_ex.c ****     else
 219:Drivers/STM32WBxx_HAL_Driver/Src/stm32wbxx_hal_pcd_ex.c ****     {
 220:Drivers/STM32WBxx_HAL_Driver/Src/stm32wbxx_hal_pcd_ex.c ****       /* Charging Downstream Port CDP */
 221:Drivers/STM32WBxx_HAL_Driver/Src/stm32wbxx_hal_pcd_ex.c **** #if (USE_HAL_PCD_REGISTER_CALLBACKS == 1U)
 222:Drivers/STM32WBxx_HAL_Driver/Src/stm32wbxx_hal_pcd_ex.c ****       hpcd->BCDCallback(hpcd, PCD_BCD_CHARGING_DOWNSTREAM_PORT);
 223:Drivers/STM32WBxx_HAL_Driver/Src/stm32wbxx_hal_pcd_ex.c **** #else
 224:Drivers/STM32WBxx_HAL_Driver/Src/stm32wbxx_hal_pcd_ex.c ****       HAL_PCDEx_BCD_Callback(hpcd, PCD_BCD_CHARGING_DOWNSTREAM_PORT);
 225:Drivers/STM32WBxx_HAL_Driver/Src/stm32wbxx_hal_pcd_ex.c **** #endif /* USE_HAL_PCD_REGISTER_CALLBACKS */
 226:Drivers/STM32WBxx_HAL_Driver/Src/stm32wbxx_hal_pcd_ex.c ****     }
 227:Drivers/STM32WBxx_HAL_Driver/Src/stm32wbxx_hal_pcd_ex.c ****   }
 228:Drivers/STM32WBxx_HAL_Driver/Src/stm32wbxx_hal_pcd_ex.c ****   else /* NO */
 229:Drivers/STM32WBxx_HAL_Driver/Src/stm32wbxx_hal_pcd_ex.c ****   {
 230:Drivers/STM32WBxx_HAL_Driver/Src/stm32wbxx_hal_pcd_ex.c ****     /* Standard Downstream Port */
 231:Drivers/STM32WBxx_HAL_Driver/Src/stm32wbxx_hal_pcd_ex.c **** #if (USE_HAL_PCD_REGISTER_CALLBACKS == 1U)
 232:Drivers/STM32WBxx_HAL_Driver/Src/stm32wbxx_hal_pcd_ex.c ****     hpcd->BCDCallback(hpcd, PCD_BCD_STD_DOWNSTREAM_PORT);
 233:Drivers/STM32WBxx_HAL_Driver/Src/stm32wbxx_hal_pcd_ex.c **** #else
 234:Drivers/STM32WBxx_HAL_Driver/Src/stm32wbxx_hal_pcd_ex.c ****     HAL_PCDEx_BCD_Callback(hpcd, PCD_BCD_STD_DOWNSTREAM_PORT);
 235:Drivers/STM32WBxx_HAL_Driver/Src/stm32wbxx_hal_pcd_ex.c **** #endif /* USE_HAL_PCD_REGISTER_CALLBACKS */
 236:Drivers/STM32WBxx_HAL_Driver/Src/stm32wbxx_hal_pcd_ex.c ****   }
 237:Drivers/STM32WBxx_HAL_Driver/Src/stm32wbxx_hal_pcd_ex.c **** 
 238:Drivers/STM32WBxx_HAL_Driver/Src/stm32wbxx_hal_pcd_ex.c ****   /* Battery Charging capability discovery finished Start Enumeration */
 239:Drivers/STM32WBxx_HAL_Driver/Src/stm32wbxx_hal_pcd_ex.c ****   (void)HAL_PCDEx_DeActivateBCD(hpcd);
ARM GAS  /tmp/ccMOlo1P.s 			page 9


 240:Drivers/STM32WBxx_HAL_Driver/Src/stm32wbxx_hal_pcd_ex.c **** #if (USE_HAL_PCD_REGISTER_CALLBACKS == 1U)
 241:Drivers/STM32WBxx_HAL_Driver/Src/stm32wbxx_hal_pcd_ex.c ****   hpcd->BCDCallback(hpcd, PCD_BCD_DISCOVERY_COMPLETED);
 242:Drivers/STM32WBxx_HAL_Driver/Src/stm32wbxx_hal_pcd_ex.c **** #else
 243:Drivers/STM32WBxx_HAL_Driver/Src/stm32wbxx_hal_pcd_ex.c ****   HAL_PCDEx_BCD_Callback(hpcd, PCD_BCD_DISCOVERY_COMPLETED);
 244:Drivers/STM32WBxx_HAL_Driver/Src/stm32wbxx_hal_pcd_ex.c **** #endif /* USE_HAL_PCD_REGISTER_CALLBACKS */
 245:Drivers/STM32WBxx_HAL_Driver/Src/stm32wbxx_hal_pcd_ex.c **** }
 246:Drivers/STM32WBxx_HAL_Driver/Src/stm32wbxx_hal_pcd_ex.c **** 
 247:Drivers/STM32WBxx_HAL_Driver/Src/stm32wbxx_hal_pcd_ex.c **** 
 248:Drivers/STM32WBxx_HAL_Driver/Src/stm32wbxx_hal_pcd_ex.c **** /**
 249:Drivers/STM32WBxx_HAL_Driver/Src/stm32wbxx_hal_pcd_ex.c ****   * @brief  Activate LPM feature.
 250:Drivers/STM32WBxx_HAL_Driver/Src/stm32wbxx_hal_pcd_ex.c ****   * @param  hpcd PCD handle
 251:Drivers/STM32WBxx_HAL_Driver/Src/stm32wbxx_hal_pcd_ex.c ****   * @retval HAL status
 252:Drivers/STM32WBxx_HAL_Driver/Src/stm32wbxx_hal_pcd_ex.c ****   */
 253:Drivers/STM32WBxx_HAL_Driver/Src/stm32wbxx_hal_pcd_ex.c **** HAL_StatusTypeDef HAL_PCDEx_ActivateLPM(PCD_HandleTypeDef *hpcd)
 254:Drivers/STM32WBxx_HAL_Driver/Src/stm32wbxx_hal_pcd_ex.c **** {
 213              		.loc 1 254 1 is_stmt 1 view -0
 214              		.cfi_startproc
 215              		@ args = 0, pretend = 0, frame = 0
 216              		@ frame_needed = 0, uses_anonymous_args = 0
 217              		@ link register save eliminated.
 218              		.loc 1 254 1 is_stmt 0 view .LVU57
 219 0000 0346     		mov	r3, r0
 255:Drivers/STM32WBxx_HAL_Driver/Src/stm32wbxx_hal_pcd_ex.c **** 
 256:Drivers/STM32WBxx_HAL_Driver/Src/stm32wbxx_hal_pcd_ex.c ****   USB_TypeDef *USBx = hpcd->Instance;
 220              		.loc 1 256 3 is_stmt 1 view .LVU58
 221              		.loc 1 256 16 is_stmt 0 view .LVU59
 222 0002 0268     		ldr	r2, [r0]
 223              	.LVL18:
 257:Drivers/STM32WBxx_HAL_Driver/Src/stm32wbxx_hal_pcd_ex.c ****   hpcd->lpm_active = 1U;
 224              		.loc 1 257 3 is_stmt 1 view .LVU60
 225              		.loc 1 257 20 is_stmt 0 view .LVU61
 226 0004 0121     		movs	r1, #1
 227 0006 C0F8E812 		str	r1, [r0, #744]
 258:Drivers/STM32WBxx_HAL_Driver/Src/stm32wbxx_hal_pcd_ex.c ****   hpcd->LPM_State = LPM_L0;
 228              		.loc 1 258 3 is_stmt 1 view .LVU62
 229              		.loc 1 258 19 is_stmt 0 view .LVU63
 230 000a 0020     		movs	r0, #0
 231              	.LVL19:
 232              		.loc 1 258 19 view .LVU64
 233 000c 83F8E002 		strb	r0, [r3, #736]
 259:Drivers/STM32WBxx_HAL_Driver/Src/stm32wbxx_hal_pcd_ex.c **** 
 260:Drivers/STM32WBxx_HAL_Driver/Src/stm32wbxx_hal_pcd_ex.c ****   USBx->LPMCSR |= USB_LPMCSR_LMPEN;
 234              		.loc 1 260 3 is_stmt 1 view .LVU65
 235              		.loc 1 260 16 is_stmt 0 view .LVU66
 236 0010 B2F85430 		ldrh	r3, [r2, #84]
 237              	.LVL20:
 238              		.loc 1 260 16 view .LVU67
 239 0014 9BB2     		uxth	r3, r3
 240 0016 0B43     		orrs	r3, r3, r1
 241 0018 A2F85430 		strh	r3, [r2, #84]	@ movhi
 261:Drivers/STM32WBxx_HAL_Driver/Src/stm32wbxx_hal_pcd_ex.c ****   USBx->LPMCSR |= USB_LPMCSR_LPMACK;
 242              		.loc 1 261 3 is_stmt 1 view .LVU68
 243              		.loc 1 261 16 is_stmt 0 view .LVU69
 244 001c B2F85430 		ldrh	r3, [r2, #84]
 245 0020 9BB2     		uxth	r3, r3
 246 0022 43F00203 		orr	r3, r3, #2
 247 0026 A2F85430 		strh	r3, [r2, #84]	@ movhi
ARM GAS  /tmp/ccMOlo1P.s 			page 10


 262:Drivers/STM32WBxx_HAL_Driver/Src/stm32wbxx_hal_pcd_ex.c **** 
 263:Drivers/STM32WBxx_HAL_Driver/Src/stm32wbxx_hal_pcd_ex.c ****   return HAL_OK;
 248              		.loc 1 263 3 is_stmt 1 view .LVU70
 264:Drivers/STM32WBxx_HAL_Driver/Src/stm32wbxx_hal_pcd_ex.c **** }
 249              		.loc 1 264 1 is_stmt 0 view .LVU71
 250 002a 7047     		bx	lr
 251              		.cfi_endproc
 252              	.LFE954:
 254              		.section	.text.HAL_PCDEx_DeActivateLPM,"ax",%progbits
 255              		.align	1
 256              		.global	HAL_PCDEx_DeActivateLPM
 257              		.syntax unified
 258              		.thumb
 259              		.thumb_func
 260              		.fpu fpv4-sp-d16
 262              	HAL_PCDEx_DeActivateLPM:
 263              	.LVL21:
 264              	.LFB955:
 265:Drivers/STM32WBxx_HAL_Driver/Src/stm32wbxx_hal_pcd_ex.c **** 
 266:Drivers/STM32WBxx_HAL_Driver/Src/stm32wbxx_hal_pcd_ex.c **** /**
 267:Drivers/STM32WBxx_HAL_Driver/Src/stm32wbxx_hal_pcd_ex.c ****   * @brief  Deactivate LPM feature.
 268:Drivers/STM32WBxx_HAL_Driver/Src/stm32wbxx_hal_pcd_ex.c ****   * @param  hpcd PCD handle
 269:Drivers/STM32WBxx_HAL_Driver/Src/stm32wbxx_hal_pcd_ex.c ****   * @retval HAL status
 270:Drivers/STM32WBxx_HAL_Driver/Src/stm32wbxx_hal_pcd_ex.c ****   */
 271:Drivers/STM32WBxx_HAL_Driver/Src/stm32wbxx_hal_pcd_ex.c **** HAL_StatusTypeDef HAL_PCDEx_DeActivateLPM(PCD_HandleTypeDef *hpcd)
 272:Drivers/STM32WBxx_HAL_Driver/Src/stm32wbxx_hal_pcd_ex.c **** {
 265              		.loc 1 272 1 is_stmt 1 view -0
 266              		.cfi_startproc
 267              		@ args = 0, pretend = 0, frame = 0
 268              		@ frame_needed = 0, uses_anonymous_args = 0
 269              		@ link register save eliminated.
 270              		.loc 1 272 1 is_stmt 0 view .LVU73
 271 0000 0346     		mov	r3, r0
 273:Drivers/STM32WBxx_HAL_Driver/Src/stm32wbxx_hal_pcd_ex.c ****   USB_TypeDef *USBx = hpcd->Instance;
 272              		.loc 1 273 3 is_stmt 1 view .LVU74
 273              		.loc 1 273 16 is_stmt 0 view .LVU75
 274 0002 0268     		ldr	r2, [r0]
 275              	.LVL22:
 274:Drivers/STM32WBxx_HAL_Driver/Src/stm32wbxx_hal_pcd_ex.c **** 
 275:Drivers/STM32WBxx_HAL_Driver/Src/stm32wbxx_hal_pcd_ex.c ****   hpcd->lpm_active = 0U;
 276              		.loc 1 275 3 is_stmt 1 view .LVU76
 277              		.loc 1 275 20 is_stmt 0 view .LVU77
 278 0004 0020     		movs	r0, #0
 279              	.LVL23:
 280              		.loc 1 275 20 view .LVU78
 281 0006 C3F8E802 		str	r0, [r3, #744]
 276:Drivers/STM32WBxx_HAL_Driver/Src/stm32wbxx_hal_pcd_ex.c **** 
 277:Drivers/STM32WBxx_HAL_Driver/Src/stm32wbxx_hal_pcd_ex.c ****   USBx->LPMCSR &= ~(USB_LPMCSR_LMPEN);
 282              		.loc 1 277 3 is_stmt 1 view .LVU79
 283              		.loc 1 277 16 is_stmt 0 view .LVU80
 284 000a B2F85430 		ldrh	r3, [r2, #84]
 285              	.LVL24:
 286              		.loc 1 277 16 view .LVU81
 287 000e 9BB2     		uxth	r3, r3
 288 0010 23F00103 		bic	r3, r3, #1
 289 0014 9BB2     		uxth	r3, r3
 290 0016 A2F85430 		strh	r3, [r2, #84]	@ movhi
ARM GAS  /tmp/ccMOlo1P.s 			page 11


 278:Drivers/STM32WBxx_HAL_Driver/Src/stm32wbxx_hal_pcd_ex.c ****   USBx->LPMCSR &= ~(USB_LPMCSR_LPMACK);
 291              		.loc 1 278 3 is_stmt 1 view .LVU82
 292              		.loc 1 278 16 is_stmt 0 view .LVU83
 293 001a B2F85430 		ldrh	r3, [r2, #84]
 294 001e 9BB2     		uxth	r3, r3
 295 0020 23F00203 		bic	r3, r3, #2
 296 0024 9BB2     		uxth	r3, r3
 297 0026 A2F85430 		strh	r3, [r2, #84]	@ movhi
 279:Drivers/STM32WBxx_HAL_Driver/Src/stm32wbxx_hal_pcd_ex.c **** 
 280:Drivers/STM32WBxx_HAL_Driver/Src/stm32wbxx_hal_pcd_ex.c ****   return HAL_OK;
 298              		.loc 1 280 3 is_stmt 1 view .LVU84
 281:Drivers/STM32WBxx_HAL_Driver/Src/stm32wbxx_hal_pcd_ex.c **** }
 299              		.loc 1 281 1 is_stmt 0 view .LVU85
 300 002a 7047     		bx	lr
 301              		.cfi_endproc
 302              	.LFE955:
 304              		.section	.text.HAL_PCDEx_LPM_Callback,"ax",%progbits
 305              		.align	1
 306              		.weak	HAL_PCDEx_LPM_Callback
 307              		.syntax unified
 308              		.thumb
 309              		.thumb_func
 310              		.fpu fpv4-sp-d16
 312              	HAL_PCDEx_LPM_Callback:
 313              	.LVL25:
 314              	.LFB956:
 282:Drivers/STM32WBxx_HAL_Driver/Src/stm32wbxx_hal_pcd_ex.c **** 
 283:Drivers/STM32WBxx_HAL_Driver/Src/stm32wbxx_hal_pcd_ex.c **** 
 284:Drivers/STM32WBxx_HAL_Driver/Src/stm32wbxx_hal_pcd_ex.c **** 
 285:Drivers/STM32WBxx_HAL_Driver/Src/stm32wbxx_hal_pcd_ex.c **** /**
 286:Drivers/STM32WBxx_HAL_Driver/Src/stm32wbxx_hal_pcd_ex.c ****   * @brief  Send LPM message to user layer callback.
 287:Drivers/STM32WBxx_HAL_Driver/Src/stm32wbxx_hal_pcd_ex.c ****   * @param  hpcd PCD handle
 288:Drivers/STM32WBxx_HAL_Driver/Src/stm32wbxx_hal_pcd_ex.c ****   * @param  msg LPM message
 289:Drivers/STM32WBxx_HAL_Driver/Src/stm32wbxx_hal_pcd_ex.c ****   * @retval HAL status
 290:Drivers/STM32WBxx_HAL_Driver/Src/stm32wbxx_hal_pcd_ex.c ****   */
 291:Drivers/STM32WBxx_HAL_Driver/Src/stm32wbxx_hal_pcd_ex.c **** __weak void HAL_PCDEx_LPM_Callback(PCD_HandleTypeDef *hpcd, PCD_LPM_MsgTypeDef msg)
 292:Drivers/STM32WBxx_HAL_Driver/Src/stm32wbxx_hal_pcd_ex.c **** {
 315              		.loc 1 292 1 is_stmt 1 view -0
 316              		.cfi_startproc
 317              		@ args = 0, pretend = 0, frame = 0
 318              		@ frame_needed = 0, uses_anonymous_args = 0
 319              		@ link register save eliminated.
 293:Drivers/STM32WBxx_HAL_Driver/Src/stm32wbxx_hal_pcd_ex.c ****   /* Prevent unused argument(s) compilation warning */
 294:Drivers/STM32WBxx_HAL_Driver/Src/stm32wbxx_hal_pcd_ex.c ****   UNUSED(hpcd);
 320              		.loc 1 294 3 view .LVU87
 295:Drivers/STM32WBxx_HAL_Driver/Src/stm32wbxx_hal_pcd_ex.c ****   UNUSED(msg);
 321              		.loc 1 295 3 view .LVU88
 296:Drivers/STM32WBxx_HAL_Driver/Src/stm32wbxx_hal_pcd_ex.c **** 
 297:Drivers/STM32WBxx_HAL_Driver/Src/stm32wbxx_hal_pcd_ex.c ****   /* NOTE : This function should not be modified, when the callback is needed,
 298:Drivers/STM32WBxx_HAL_Driver/Src/stm32wbxx_hal_pcd_ex.c ****             the HAL_PCDEx_LPM_Callback could be implemented in the user file
 299:Drivers/STM32WBxx_HAL_Driver/Src/stm32wbxx_hal_pcd_ex.c ****    */
 300:Drivers/STM32WBxx_HAL_Driver/Src/stm32wbxx_hal_pcd_ex.c **** }
 322              		.loc 1 300 1 is_stmt 0 view .LVU89
 323 0000 7047     		bx	lr
 324              		.cfi_endproc
 325              	.LFE956:
 327              		.section	.text.HAL_PCDEx_BCD_Callback,"ax",%progbits
ARM GAS  /tmp/ccMOlo1P.s 			page 12


 328              		.align	1
 329              		.weak	HAL_PCDEx_BCD_Callback
 330              		.syntax unified
 331              		.thumb
 332              		.thumb_func
 333              		.fpu fpv4-sp-d16
 335              	HAL_PCDEx_BCD_Callback:
 336              	.LVL26:
 337              	.LFB957:
 301:Drivers/STM32WBxx_HAL_Driver/Src/stm32wbxx_hal_pcd_ex.c **** 
 302:Drivers/STM32WBxx_HAL_Driver/Src/stm32wbxx_hal_pcd_ex.c **** /**
 303:Drivers/STM32WBxx_HAL_Driver/Src/stm32wbxx_hal_pcd_ex.c ****   * @brief  Send BatteryCharging message to user layer callback.
 304:Drivers/STM32WBxx_HAL_Driver/Src/stm32wbxx_hal_pcd_ex.c ****   * @param  hpcd PCD handle
 305:Drivers/STM32WBxx_HAL_Driver/Src/stm32wbxx_hal_pcd_ex.c ****   * @param  msg LPM message
 306:Drivers/STM32WBxx_HAL_Driver/Src/stm32wbxx_hal_pcd_ex.c ****   * @retval HAL status
 307:Drivers/STM32WBxx_HAL_Driver/Src/stm32wbxx_hal_pcd_ex.c ****   */
 308:Drivers/STM32WBxx_HAL_Driver/Src/stm32wbxx_hal_pcd_ex.c **** __weak void HAL_PCDEx_BCD_Callback(PCD_HandleTypeDef *hpcd, PCD_BCD_MsgTypeDef msg)
 309:Drivers/STM32WBxx_HAL_Driver/Src/stm32wbxx_hal_pcd_ex.c **** {
 338              		.loc 1 309 1 is_stmt 1 view -0
 339              		.cfi_startproc
 340              		@ args = 0, pretend = 0, frame = 0
 341              		@ frame_needed = 0, uses_anonymous_args = 0
 342              		@ link register save eliminated.
 310:Drivers/STM32WBxx_HAL_Driver/Src/stm32wbxx_hal_pcd_ex.c ****   /* Prevent unused argument(s) compilation warning */
 311:Drivers/STM32WBxx_HAL_Driver/Src/stm32wbxx_hal_pcd_ex.c ****   UNUSED(hpcd);
 343              		.loc 1 311 3 view .LVU91
 312:Drivers/STM32WBxx_HAL_Driver/Src/stm32wbxx_hal_pcd_ex.c ****   UNUSED(msg);
 344              		.loc 1 312 3 view .LVU92
 313:Drivers/STM32WBxx_HAL_Driver/Src/stm32wbxx_hal_pcd_ex.c **** 
 314:Drivers/STM32WBxx_HAL_Driver/Src/stm32wbxx_hal_pcd_ex.c ****   /* NOTE : This function should not be modified, when the callback is needed,
 315:Drivers/STM32WBxx_HAL_Driver/Src/stm32wbxx_hal_pcd_ex.c ****             the HAL_PCDEx_BCD_Callback could be implemented in the user file
 316:Drivers/STM32WBxx_HAL_Driver/Src/stm32wbxx_hal_pcd_ex.c ****    */
 317:Drivers/STM32WBxx_HAL_Driver/Src/stm32wbxx_hal_pcd_ex.c **** }
 345              		.loc 1 317 1 is_stmt 0 view .LVU93
 346 0000 7047     		bx	lr
 347              		.cfi_endproc
 348              	.LFE957:
 350              		.section	.text.HAL_PCDEx_BCD_VBUSDetect,"ax",%progbits
 351              		.align	1
 352              		.global	HAL_PCDEx_BCD_VBUSDetect
 353              		.syntax unified
 354              		.thumb
 355              		.thumb_func
 356              		.fpu fpv4-sp-d16
 358              	HAL_PCDEx_BCD_VBUSDetect:
 359              	.LVL27:
 360              	.LFB953:
 160:Drivers/STM32WBxx_HAL_Driver/Src/stm32wbxx_hal_pcd_ex.c ****   USB_TypeDef *USBx = hpcd->Instance;
 361              		.loc 1 160 1 is_stmt 1 view -0
 362              		.cfi_startproc
 363              		@ args = 0, pretend = 0, frame = 0
 364              		@ frame_needed = 0, uses_anonymous_args = 0
 160:Drivers/STM32WBxx_HAL_Driver/Src/stm32wbxx_hal_pcd_ex.c ****   USB_TypeDef *USBx = hpcd->Instance;
 365              		.loc 1 160 1 is_stmt 0 view .LVU95
 366 0000 70B5     		push	{r4, r5, r6, lr}
 367              	.LCFI0:
 368              		.cfi_def_cfa_offset 16
ARM GAS  /tmp/ccMOlo1P.s 			page 13


 369              		.cfi_offset 4, -16
 370              		.cfi_offset 5, -12
 371              		.cfi_offset 6, -8
 372              		.cfi_offset 14, -4
 373 0002 0646     		mov	r6, r0
 161:Drivers/STM32WBxx_HAL_Driver/Src/stm32wbxx_hal_pcd_ex.c ****   uint32_t tickstart = HAL_GetTick();
 374              		.loc 1 161 3 is_stmt 1 view .LVU96
 161:Drivers/STM32WBxx_HAL_Driver/Src/stm32wbxx_hal_pcd_ex.c ****   uint32_t tickstart = HAL_GetTick();
 375              		.loc 1 161 16 is_stmt 0 view .LVU97
 376 0004 0468     		ldr	r4, [r0]
 377              	.LVL28:
 162:Drivers/STM32WBxx_HAL_Driver/Src/stm32wbxx_hal_pcd_ex.c **** 
 378              		.loc 1 162 3 is_stmt 1 view .LVU98
 162:Drivers/STM32WBxx_HAL_Driver/Src/stm32wbxx_hal_pcd_ex.c **** 
 379              		.loc 1 162 24 is_stmt 0 view .LVU99
 380 0006 FFF7FEFF 		bl	HAL_GetTick
 381              	.LVL29:
 162:Drivers/STM32WBxx_HAL_Driver/Src/stm32wbxx_hal_pcd_ex.c **** 
 382              		.loc 1 162 24 view .LVU100
 383 000a 0546     		mov	r5, r0
 384              	.LVL30:
 165:Drivers/STM32WBxx_HAL_Driver/Src/stm32wbxx_hal_pcd_ex.c ****   {
 385              		.loc 1 165 3 is_stmt 1 view .LVU101
 386              	.L13:
 165:Drivers/STM32WBxx_HAL_Driver/Src/stm32wbxx_hal_pcd_ex.c ****   {
 387              		.loc 1 165 9 view .LVU102
 165:Drivers/STM32WBxx_HAL_Driver/Src/stm32wbxx_hal_pcd_ex.c ****   {
 388              		.loc 1 165 15 is_stmt 0 view .LVU103
 389 000c B4F85830 		ldrh	r3, [r4, #88]
 165:Drivers/STM32WBxx_HAL_Driver/Src/stm32wbxx_hal_pcd_ex.c ****   {
 390              		.loc 1 165 9 view .LVU104
 391 0010 13F0100F 		tst	r3, #16
 392 0014 0AD1     		bne	.L21
 168:Drivers/STM32WBxx_HAL_Driver/Src/stm32wbxx_hal_pcd_ex.c ****     {
 393              		.loc 1 168 5 is_stmt 1 view .LVU105
 168:Drivers/STM32WBxx_HAL_Driver/Src/stm32wbxx_hal_pcd_ex.c ****     {
 394              		.loc 1 168 10 is_stmt 0 view .LVU106
 395 0016 FFF7FEFF 		bl	HAL_GetTick
 396              	.LVL31:
 168:Drivers/STM32WBxx_HAL_Driver/Src/stm32wbxx_hal_pcd_ex.c ****     {
 397              		.loc 1 168 24 view .LVU107
 398 001a 401B     		subs	r0, r0, r5
 168:Drivers/STM32WBxx_HAL_Driver/Src/stm32wbxx_hal_pcd_ex.c ****     {
 399              		.loc 1 168 8 view .LVU108
 400 001c B0F57A7F 		cmp	r0, #1000
 401 0020 F4D9     		bls	.L13
 173:Drivers/STM32WBxx_HAL_Driver/Src/stm32wbxx_hal_pcd_ex.c **** #endif /* USE_HAL_PCD_REGISTER_CALLBACKS */
 402              		.loc 1 173 7 is_stmt 1 view .LVU109
 403 0022 FF21     		movs	r1, #255
 404 0024 3046     		mov	r0, r6
 405 0026 FFF7FEFF 		bl	HAL_PCDEx_BCD_Callback
 406              	.LVL32:
 176:Drivers/STM32WBxx_HAL_Driver/Src/stm32wbxx_hal_pcd_ex.c ****     }
 407              		.loc 1 176 7 view .LVU110
 408 002a 55E0     		b	.L12
 409              	.L21:
 180:Drivers/STM32WBxx_HAL_Driver/Src/stm32wbxx_hal_pcd_ex.c **** 
ARM GAS  /tmp/ccMOlo1P.s 			page 14


 410              		.loc 1 180 3 view .LVU111
 411 002c C820     		movs	r0, #200
 412 002e FFF7FEFF 		bl	HAL_Delay
 413              	.LVL33:
 183:Drivers/STM32WBxx_HAL_Driver/Src/stm32wbxx_hal_pcd_ex.c ****   {
 414              		.loc 1 183 3 view .LVU112
 183:Drivers/STM32WBxx_HAL_Driver/Src/stm32wbxx_hal_pcd_ex.c ****   {
 415              		.loc 1 183 12 is_stmt 0 view .LVU113
 416 0032 B4F85830 		ldrh	r3, [r4, #88]
 183:Drivers/STM32WBxx_HAL_Driver/Src/stm32wbxx_hal_pcd_ex.c ****   {
 417              		.loc 1 183 6 view .LVU114
 418 0036 13F0100F 		tst	r3, #16
 419 003a 38D1     		bne	.L22
 420              	.L16:
 193:Drivers/STM32WBxx_HAL_Driver/Src/stm32wbxx_hal_pcd_ex.c ****   HAL_Delay(50U);
 421              		.loc 1 193 3 is_stmt 1 view .LVU115
 193:Drivers/STM32WBxx_HAL_Driver/Src/stm32wbxx_hal_pcd_ex.c ****   HAL_Delay(50U);
 422              		.loc 1 193 14 is_stmt 0 view .LVU116
 423 003c B4F85830 		ldrh	r3, [r4, #88]
 424 0040 9BB2     		uxth	r3, r3
 425 0042 23F00203 		bic	r3, r3, #2
 426 0046 9BB2     		uxth	r3, r3
 427 0048 A4F85830 		strh	r3, [r4, #88]	@ movhi
 194:Drivers/STM32WBxx_HAL_Driver/Src/stm32wbxx_hal_pcd_ex.c ****   USBx->BCDR |= (USB_BCDR_PDEN);
 428              		.loc 1 194 3 is_stmt 1 view .LVU117
 429 004c 3220     		movs	r0, #50
 430 004e FFF7FEFF 		bl	HAL_Delay
 431              	.LVL34:
 195:Drivers/STM32WBxx_HAL_Driver/Src/stm32wbxx_hal_pcd_ex.c ****   HAL_Delay(50U);
 432              		.loc 1 195 3 view .LVU118
 195:Drivers/STM32WBxx_HAL_Driver/Src/stm32wbxx_hal_pcd_ex.c ****   HAL_Delay(50U);
 433              		.loc 1 195 14 is_stmt 0 view .LVU119
 434 0052 B4F85830 		ldrh	r3, [r4, #88]
 435 0056 9BB2     		uxth	r3, r3
 436 0058 43F00403 		orr	r3, r3, #4
 437 005c A4F85830 		strh	r3, [r4, #88]	@ movhi
 196:Drivers/STM32WBxx_HAL_Driver/Src/stm32wbxx_hal_pcd_ex.c **** 
 438              		.loc 1 196 3 is_stmt 1 view .LVU120
 439 0060 3220     		movs	r0, #50
 440 0062 FFF7FEFF 		bl	HAL_Delay
 441              	.LVL35:
 199:Drivers/STM32WBxx_HAL_Driver/Src/stm32wbxx_hal_pcd_ex.c ****   {
 442              		.loc 1 199 3 view .LVU121
 199:Drivers/STM32WBxx_HAL_Driver/Src/stm32wbxx_hal_pcd_ex.c ****   {
 443              		.loc 1 199 12 is_stmt 0 view .LVU122
 444 0066 B4F85830 		ldrh	r3, [r4, #88]
 199:Drivers/STM32WBxx_HAL_Driver/Src/stm32wbxx_hal_pcd_ex.c ****   {
 445              		.loc 1 199 6 view .LVU123
 446 006a 13F0200F 		tst	r3, #32
 447 006e 28D0     		beq	.L17
 203:Drivers/STM32WBxx_HAL_Driver/Src/stm32wbxx_hal_pcd_ex.c ****     HAL_Delay(50U);
 448              		.loc 1 203 5 is_stmt 1 view .LVU124
 203:Drivers/STM32WBxx_HAL_Driver/Src/stm32wbxx_hal_pcd_ex.c ****     HAL_Delay(50U);
 449              		.loc 1 203 16 is_stmt 0 view .LVU125
 450 0070 B4F85830 		ldrh	r3, [r4, #88]
 451 0074 9BB2     		uxth	r3, r3
 452 0076 23F00403 		bic	r3, r3, #4
ARM GAS  /tmp/ccMOlo1P.s 			page 15


 453 007a 9BB2     		uxth	r3, r3
 454 007c A4F85830 		strh	r3, [r4, #88]	@ movhi
 204:Drivers/STM32WBxx_HAL_Driver/Src/stm32wbxx_hal_pcd_ex.c ****     USBx->BCDR |= (USB_BCDR_SDEN);
 455              		.loc 1 204 5 is_stmt 1 view .LVU126
 456 0080 3220     		movs	r0, #50
 457 0082 FFF7FEFF 		bl	HAL_Delay
 458              	.LVL36:
 205:Drivers/STM32WBxx_HAL_Driver/Src/stm32wbxx_hal_pcd_ex.c ****     HAL_Delay(50U);
 459              		.loc 1 205 5 view .LVU127
 205:Drivers/STM32WBxx_HAL_Driver/Src/stm32wbxx_hal_pcd_ex.c ****     HAL_Delay(50U);
 460              		.loc 1 205 16 is_stmt 0 view .LVU128
 461 0086 B4F85830 		ldrh	r3, [r4, #88]
 462 008a 9BB2     		uxth	r3, r3
 463 008c 43F00803 		orr	r3, r3, #8
 464 0090 A4F85830 		strh	r3, [r4, #88]	@ movhi
 206:Drivers/STM32WBxx_HAL_Driver/Src/stm32wbxx_hal_pcd_ex.c **** 
 465              		.loc 1 206 5 is_stmt 1 view .LVU129
 466 0094 3220     		movs	r0, #50
 467 0096 FFF7FEFF 		bl	HAL_Delay
 468              	.LVL37:
 209:Drivers/STM32WBxx_HAL_Driver/Src/stm32wbxx_hal_pcd_ex.c ****     {
 469              		.loc 1 209 5 view .LVU130
 209:Drivers/STM32WBxx_HAL_Driver/Src/stm32wbxx_hal_pcd_ex.c ****     {
 470              		.loc 1 209 14 is_stmt 0 view .LVU131
 471 009a B4F85830 		ldrh	r3, [r4, #88]
 209:Drivers/STM32WBxx_HAL_Driver/Src/stm32wbxx_hal_pcd_ex.c ****     {
 472              		.loc 1 209 8 view .LVU132
 473 009e 13F0400F 		tst	r3, #64
 474 00a2 09D0     		beq	.L18
 215:Drivers/STM32WBxx_HAL_Driver/Src/stm32wbxx_hal_pcd_ex.c **** #endif /* USE_HAL_PCD_REGISTER_CALLBACKS */
 475              		.loc 1 215 7 is_stmt 1 view .LVU133
 476 00a4 FB21     		movs	r1, #251
 477 00a6 3046     		mov	r0, r6
 478 00a8 FFF7FEFF 		bl	HAL_PCDEx_BCD_Callback
 479              	.LVL38:
 480 00ac 0DE0     		b	.L19
 481              	.L22:
 188:Drivers/STM32WBxx_HAL_Driver/Src/stm32wbxx_hal_pcd_ex.c **** #endif /* USE_HAL_PCD_REGISTER_CALLBACKS */
 482              		.loc 1 188 5 view .LVU134
 483 00ae FE21     		movs	r1, #254
 484 00b0 3046     		mov	r0, r6
 485 00b2 FFF7FEFF 		bl	HAL_PCDEx_BCD_Callback
 486              	.LVL39:
 487 00b6 C1E7     		b	.L16
 488              	.L18:
 224:Drivers/STM32WBxx_HAL_Driver/Src/stm32wbxx_hal_pcd_ex.c **** #endif /* USE_HAL_PCD_REGISTER_CALLBACKS */
 489              		.loc 1 224 7 view .LVU135
 490 00b8 FC21     		movs	r1, #252
 491 00ba 3046     		mov	r0, r6
 492 00bc FFF7FEFF 		bl	HAL_PCDEx_BCD_Callback
 493              	.LVL40:
 494 00c0 03E0     		b	.L19
 495              	.L17:
 234:Drivers/STM32WBxx_HAL_Driver/Src/stm32wbxx_hal_pcd_ex.c **** #endif /* USE_HAL_PCD_REGISTER_CALLBACKS */
 496              		.loc 1 234 5 view .LVU136
 497 00c2 FD21     		movs	r1, #253
 498 00c4 3046     		mov	r0, r6
ARM GAS  /tmp/ccMOlo1P.s 			page 16


 499 00c6 FFF7FEFF 		bl	HAL_PCDEx_BCD_Callback
 500              	.LVL41:
 501              	.L19:
 239:Drivers/STM32WBxx_HAL_Driver/Src/stm32wbxx_hal_pcd_ex.c **** #if (USE_HAL_PCD_REGISTER_CALLBACKS == 1U)
 502              		.loc 1 239 3 view .LVU137
 239:Drivers/STM32WBxx_HAL_Driver/Src/stm32wbxx_hal_pcd_ex.c **** #if (USE_HAL_PCD_REGISTER_CALLBACKS == 1U)
 503              		.loc 1 239 9 is_stmt 0 view .LVU138
 504 00ca 3046     		mov	r0, r6
 505 00cc FFF7FEFF 		bl	HAL_PCDEx_DeActivateBCD
 506              	.LVL42:
 243:Drivers/STM32WBxx_HAL_Driver/Src/stm32wbxx_hal_pcd_ex.c **** #endif /* USE_HAL_PCD_REGISTER_CALLBACKS */
 507              		.loc 1 243 3 is_stmt 1 view .LVU139
 508 00d0 0021     		movs	r1, #0
 509 00d2 3046     		mov	r0, r6
 510 00d4 FFF7FEFF 		bl	HAL_PCDEx_BCD_Callback
 511              	.LVL43:
 512              	.L12:
 245:Drivers/STM32WBxx_HAL_Driver/Src/stm32wbxx_hal_pcd_ex.c **** 
 513              		.loc 1 245 1 is_stmt 0 view .LVU140
 514 00d8 70BD     		pop	{r4, r5, r6, pc}
 245:Drivers/STM32WBxx_HAL_Driver/Src/stm32wbxx_hal_pcd_ex.c **** 
 515              		.loc 1 245 1 view .LVU141
 516              		.cfi_endproc
 517              	.LFE953:
 519              		.text
 520              	.Letext0:
 521              		.file 2 "/usr/lib/gcc/arm-none-eabi/9.2.1/include/stdint.h"
 522              		.file 3 "Drivers/CMSIS/Include/core_cm4.h"
 523              		.file 4 "Drivers/CMSIS/Device/ST/STM32WBxx/Include/system_stm32wbxx.h"
 524              		.file 5 "Drivers/CMSIS/Device/ST/STM32WBxx/Include/stm32wb55xx.h"
 525              		.file 6 "Drivers/STM32WBxx_HAL_Driver/Inc/stm32wbxx_hal_def.h"
 526              		.file 7 "Drivers/STM32WBxx_HAL_Driver/Inc/stm32wbxx_hal_flash.h"
 527              		.file 8 "Drivers/STM32WBxx_HAL_Driver/Inc/stm32wbxx_ll_usb.h"
 528              		.file 9 "Drivers/STM32WBxx_HAL_Driver/Inc/stm32wbxx_hal_pcd.h"
 529              		.file 10 "Drivers/STM32WBxx_HAL_Driver/Inc/stm32wbxx_hal_uart.h"
 530              		.file 11 "Drivers/STM32WBxx_HAL_Driver/Inc/stm32wbxx_hal.h"
ARM GAS  /tmp/ccMOlo1P.s 			page 17


DEFINED SYMBOLS
                            *ABS*:0000000000000000 stm32wbxx_hal_pcd_ex.c
     /tmp/ccMOlo1P.s:18     .text.HAL_PCDEx_PMAConfig:0000000000000000 $t
     /tmp/ccMOlo1P.s:26     .text.HAL_PCDEx_PMAConfig:0000000000000000 HAL_PCDEx_PMAConfig
     /tmp/ccMOlo1P.s:101    .text.HAL_PCDEx_ActivateBCD:0000000000000000 $t
     /tmp/ccMOlo1P.s:108    .text.HAL_PCDEx_ActivateBCD:0000000000000000 HAL_PCDEx_ActivateBCD
     /tmp/ccMOlo1P.s:160    .text.HAL_PCDEx_DeActivateBCD:0000000000000000 $t
     /tmp/ccMOlo1P.s:167    .text.HAL_PCDEx_DeActivateBCD:0000000000000000 HAL_PCDEx_DeActivateBCD
     /tmp/ccMOlo1P.s:203    .text.HAL_PCDEx_ActivateLPM:0000000000000000 $t
     /tmp/ccMOlo1P.s:210    .text.HAL_PCDEx_ActivateLPM:0000000000000000 HAL_PCDEx_ActivateLPM
     /tmp/ccMOlo1P.s:255    .text.HAL_PCDEx_DeActivateLPM:0000000000000000 $t
     /tmp/ccMOlo1P.s:262    .text.HAL_PCDEx_DeActivateLPM:0000000000000000 HAL_PCDEx_DeActivateLPM
     /tmp/ccMOlo1P.s:305    .text.HAL_PCDEx_LPM_Callback:0000000000000000 $t
     /tmp/ccMOlo1P.s:312    .text.HAL_PCDEx_LPM_Callback:0000000000000000 HAL_PCDEx_LPM_Callback
     /tmp/ccMOlo1P.s:328    .text.HAL_PCDEx_BCD_Callback:0000000000000000 $t
     /tmp/ccMOlo1P.s:335    .text.HAL_PCDEx_BCD_Callback:0000000000000000 HAL_PCDEx_BCD_Callback
     /tmp/ccMOlo1P.s:351    .text.HAL_PCDEx_BCD_VBUSDetect:0000000000000000 $t
     /tmp/ccMOlo1P.s:358    .text.HAL_PCDEx_BCD_VBUSDetect:0000000000000000 HAL_PCDEx_BCD_VBUSDetect

UNDEFINED SYMBOLS
HAL_GetTick
HAL_Delay
